<?xml version="1.0" encoding="UTF-8"?>
<robot generator="Robot 3.2.2 (Python 3.8.5 on win32)" generated="20200904 17:20:55.270" rpa="false">
<suite id="s1" name="Robot1" source="C:\eclipse\workspace\Robot1">
<suite id="s1-s1" name="Test" source="C:\eclipse\workspace\Robot1\test">
<suite id="s1-s1-s1" name="TestSuite1" source="C:\eclipse\workspace\Robot1\test\TestSuite1.robot">
<test id="s1-s1-s1-t1" name="SimpleLoginTest">
<kw name="Open Browser" library="SeleniumLibrary">
<doc>Opens a new browser instance to the optional ``url``.</doc>
<arguments>
<arg>${URL}</arg>
<arg>firefox</arg>
</arguments>
<msg timestamp="20200904 17:20:55.657" level="INFO">Opening browser 'firefox' to base url 'https://opensource-demo.orangehrmlive.com/'.</msg>
<msg timestamp="20200904 17:20:55.661" level="INFO">Firefox driver log is always forced to to: C:\eclipse\workspace\Robot1\geckodriver-14.log</msg>
<status status="PASS" starttime="20200904 17:20:55.657" endtime="20200904 17:21:07.866"></status>
</kw>
<kw name="Set Browser Implicit Wait" library="SeleniumLibrary">
<doc>Sets the implicit wait value used by Selenium.</doc>
<arguments>
<arg>5</arg>
</arguments>
<status status="PASS" starttime="20200904 17:21:07.867" endtime="20200904 17:21:07.878"></status>
</kw>
<kw name="logarUSER">
<kw name="Input Text" library="SeleniumLibrary">
<doc>Types the given ``text`` into the text field identified by ``locator``.</doc>
<arguments>
<arg>id=txtUsername</arg>
<arg>@{CREDENTIALS}[0]</arg>
</arguments>
<msg timestamp="20200904 17:21:07.883" level="WARN">Accessing variable items using '@{CREDENTIALS}[0]' syntax is deprecated. Use '${CREDENTIALS}[0]' instead.</msg>
<msg timestamp="20200904 17:21:07.885" level="INFO">Typing text 'Admin' into text field 'id=txtUsername'.</msg>
<status status="PASS" starttime="20200904 17:21:07.882" endtime="20200904 17:21:07.991"></status>
</kw>
<kw name="Input Password" library="SeleniumLibrary">
<doc>Types the given password into the text field identified by ``locator``.</doc>
<arguments>
<arg>id=txtPassword</arg>
<arg>${LOGINDATA}[password]</arg>
</arguments>
<msg timestamp="20200904 17:21:07.993" level="INFO">Typing password into text field 'id=txtPassword'.</msg>
<msg timestamp="20200904 17:21:08.019" level="INFO">Temporally setting log level to: NONE</msg>
<msg timestamp="20200904 17:21:08.093" level="INFO">Log level changed from NONE to INFO.</msg>
<status status="PASS" starttime="20200904 17:21:07.992" endtime="20200904 17:21:08.093"></status>
</kw>
<kw name="Click Button" library="SeleniumLibrary">
<doc>Clicks the button identified by ``locator``.</doc>
<arguments>
<arg>id=btnLogin</arg>
</arguments>
<msg timestamp="20200904 17:21:08.096" level="INFO">Clicking button 'id=btnLogin'.</msg>
<status status="PASS" starttime="20200904 17:21:08.093" endtime="20200904 17:21:10.263"></status>
</kw>
<status status="PASS" starttime="20200904 17:21:07.881" endtime="20200904 17:21:10.268"></status>
</kw>
<kw name="Click Element" library="SeleniumLibrary">
<doc>Click the element identified by ``locator``.</doc>
<arguments>
<arg>id=welcome</arg>
</arguments>
<msg timestamp="20200904 17:21:10.270" level="INFO">Clicking element 'id=welcome'.</msg>
<status status="PASS" starttime="20200904 17:21:10.268" endtime="20200904 17:21:10.542"></status>
</kw>
<kw name="Click Element" library="SeleniumLibrary">
<doc>Click the element identified by ``locator``.</doc>
<arguments>
<arg>link=Logout</arg>
</arguments>
<msg timestamp="20200904 17:21:10.544" level="INFO">Clicking element 'link=Logout'.</msg>
<status status="PASS" starttime="20200904 17:21:10.542" endtime="20200904 17:21:13.203"></status>
</kw>
<kw name="Sleep" library="BuiltIn">
<doc>Pauses the test executed for the given time.</doc>
<arguments>
<arg>3</arg>
</arguments>
<msg timestamp="20200904 17:21:16.206" level="INFO">Slept 3 seconds</msg>
<status status="PASS" starttime="20200904 17:21:13.204" endtime="20200904 17:21:16.206"></status>
</kw>
<kw name="Close Browser" library="SeleniumLibrary">
<doc>Closes the current browser.</doc>
<status status="PASS" starttime="20200904 17:21:16.206" endtime="20200904 17:21:17.273"></status>
</kw>
<kw name="Log" library="BuiltIn">
<doc>Logs the given message with the given level.</doc>
<arguments>
<arg>Teste Completo</arg>
</arguments>
<msg timestamp="20200904 17:21:17.274" level="INFO">Teste Completo</msg>
<status status="PASS" starttime="20200904 17:21:17.273" endtime="20200904 17:21:17.274"></status>
</kw>
<kw name="Log" library="BuiltIn">
<doc>Logs the given message with the given level.</doc>
<arguments>
<arg>This test was executed by %{username} in %{os}</arg>
</arguments>
<msg timestamp="20200904 17:21:17.275" level="INFO">This test was executed by mario in Windows_NT</msg>
<status status="PASS" starttime="20200904 17:21:17.274" endtime="20200904 17:21:17.275"></status>
</kw>
<doc>This is a simple login test</doc>
<status status="PASS" starttime="20200904 17:20:55.656" endtime="20200904 17:21:17.276" critical="yes"></status>
</test>
<status status="PASS" starttime="20200904 17:20:55.386" endtime="20200904 17:21:17.277"></status>
</suite>
<status status="PASS" starttime="20200904 17:20:55.381" endtime="20200904 17:21:17.279"></status>
</suite>
<status status="PASS" starttime="20200904 17:20:55.353" endtime="20200904 17:21:17.281"></status>
</suite>
<statistics>
<total>
<stat pass="1" fail="0">Critical Tests</stat>
<stat pass="1" fail="0">All Tests</stat>
</total>
<tag>
</tag>
<suite>
<stat pass="1" fail="0" id="s1" name="Robot1">Robot1</stat>
<stat pass="1" fail="0" id="s1-s1" name="Test">Robot1.Test</stat>
<stat pass="1" fail="0" id="s1-s1-s1" name="TestSuite1">Robot1.Test.TestSuite1</stat>
</suite>
</statistics>
<errors>
<msg timestamp="20200904 17:21:07.883" level="WARN">Accessing variable items using '@{CREDENTIALS}[0]' syntax is deprecated. Use '${CREDENTIALS}[0]' instead.</msg>
</errors>
</robot>
